# JRE version: Java(TM) SE Runtime Environment (7.0_51-b13) (build 1.7.0_51-b13)
# Java VM: Java HotSpot(TM) 64-Bit Server VM (24.51-b03 mixed mode linux-amd64 compressed oops)
Heap
 PSYoungGen      total 566272K, used 346705K [0x00000007d6800000, 0x0000000800000000, 0x0000000800000000)
  eden space 476160K, 69% used [0x00000007d6800000,0x00000007ead01da8,0x00000007f3900000)
  from space 90112K, 15% used [0x00000007fa800000,0x00000007fb592828,0x0000000800000000)
  to   space 101888K, 0% used [0x00000007f3900000,0x00000007f3900000,0x00000007f9c80000)
 ParOldGen       total 188416K, used 67122K [0x0000000783800000, 0x000000078f000000, 0x00000007d6800000)
  object space 188416K, 35% used [0x0000000783800000,0x000000078798c890,0x000000078f000000)
 PSPermGen       total 68608K, used 38293K [0x000000077e600000, 0x0000000782900000, 0x0000000783800000)
  object space 68608K, 55% used [0x000000077e600000,0x0000000780b65660,0x0000000782900000)
GC Heap History (10 events):
Event: 43.383 GC heap before
{Heap before GC invocations=26 (full 5):
 PSYoungGen      total 567296K, used 567267K [0x00000007d6800000, 0x0000000800000000, 0x0000000800000000)
  eden space 495616K, 100% used [0x00000007d6800000,0x00000007f4c00000,0x00000007f4c00000)
  from space 71680K, 99% used [0x00000007fb680000,0x00000007ffc78d40,0x00000007ffc80000)
  to   space 92160K, 0% used [0x00000007f4c00000,0x00000007f4c00000,0x00000007fa600000)
 ParOldGen       total 188416K, used 64252K [0x0000000783800000, 0x000000078f000000, 0x00000007d6800000)
  object space 188416K, 34% used [0x0000000783800000,0x00000007876bf298,0x000000078f000000)
 PSPermGen       total 71168K, used 38116K [0x000000077e600000, 0x0000000782b80000, 0x0000000783800000)
  object space 71168K, 53% used [0x000000077e600000,0x0000000780b390b0,0x0000000782b80000)
Event: 43.394 GC heap after
Heap after GC invocations=26 (full 5):
 PSYoungGen      total 587776K, used 11870K [0x00000007d6800000, 0x0000000800000000, 0x0000000800000000)
  eden space 495616K, 0% used [0x00000007d6800000,0x00000007d6800000,0x00000007f4c00000)
  from space 92160K, 12% used [0x00000007f4c00000,0x00000007f5797b20,0x00000007fa600000)
  to   space 90112K, 0% used [0x00000007fa800000,0x00000007fa800000,0x0000000800000000)
 ParOldGen       total 188416K, used 68463K [0x0000000783800000, 0x000000078f000000, 0x00000007d6800000)
  object space 188416K, 36% used [0x0000000783800000,0x0000000787adbf80,0x000000078f000000)
 PSPermGen       total 71168K, used 38116K [0x000000077e600000, 0x0000000782b80000, 0x0000000783800000)
  object space 71168K, 53% used [0x000000077e600000,0x0000000780b390b0,0x0000000782b80000)
}
Event: 44.341 GC heap before
{Heap before GC invocations=27 (full 5):
 PSYoungGen      total 587776K, used 260643K [0x00000007d6800000, 0x0000000800000000, 0x0000000800000000)
  eden space 495616K, 50% used [0x00000007d6800000,0x00000007e5af1278,0x00000007f4c00000)
  from space 92160K, 12% used [0x00000007f4c00000,0x00000007f5797b20,0x00000007fa600000)
  to   space 90112K, 0% used [0x00000007fa800000,0x00000007fa800000,0x0000000800000000)
 ParOldGen       total 188416K, used 68463K [0x0000000783800000, 0x000000078f000000, 0x00000007d6800000)
  object space 188416K, 36% used [0x0000000783800000,0x0000000787adbf80,0x000000078f000000)
 PSPermGen       total 71168K, used 38126K [0x000000077e600000, 0x0000000782b80000, 0x0000000783800000)
  object space 71168K, 53% used [0x000000077e600000,0x0000000780b3bbd8,0x0000000782b80000)
Event: 44.352 GC heap after
Heap after GC invocations=27 (full 5):
 PSYoungGen      total 592384K, used 10537K [0x00000007d6800000, 0x0000000800000000, 0x0000000800000000)
  eden space 502272K, 0% used [0x00000007d6800000,0x00000007d6800000,0x00000007f5280000)
  from space 90112K, 11% used [0x00000007fa800000,0x00000007fb24a668,0x0000000800000000)
  to   space 87552K, 0% used [0x00000007f5280000,0x00000007f5280000,0x00000007fa800000)
 ParOldGen       total 188416K, used 72496K [0x0000000783800000, 0x000000078f000000, 0x00000007d6800000)
  object space 188416K, 38% used [0x0000000783800000,0x0000000787ecc268,0x000000078f000000)
 PSPermGen       total 71168K, used 38126K [0x000000077e600000, 0x0000000782b80000, 0x0000000783800000)
  object space 71168K, 53% used [0x000000077e600000,0x0000000780b3bbd8,0x0000000782b80000)
}
Event: 44.352 GC heap before
{Heap before GC invocations=28 (full 6):
 PSYoungGen      total 592384K, used 10537K [0x00000007d6800000, 0x0000000800000000, 0x0000000800000000)
  eden space 502272K, 0% used [0x00000007d6800000,0x00000007d6800000,0x00000007f5280000)
  from space 90112K, 11% used [0x00000007fa800000,0x00000007fb24a668,0x0000000800000000)
  to   space 87552K, 0% used [0x00000007f5280000,0x00000007f5280000,0x00000007fa800000)
 ParOldGen       total 188416K, used 72496K [0x0000000783800000, 0x000000078f000000, 0x00000007d6800000)
  object space 188416K, 38% used [0x0000000783800000,0x0000000787ecc268,0x000000078f000000)
 PSPermGen       total 71168K, used 38126K [0x000000077e600000, 0x0000000782b80000, 0x0000000783800000)
  object space 71168K, 53% used [0x000000077e600000,0x0000000780b3bbd8,0x0000000782b80000)
Event: 44.506 GC heap after
Heap after GC invocations=28 (full 6):
 PSYoungGen      total 592384K, used 0K [0x00000007d6800000, 0x0000000800000000, 0x0000000800000000)
  eden space 502272K, 0% used [0x00000007d6800000,0x00000007d6800000,0x00000007f5280000)
  from space 90112K, 0% used [0x00000007fa800000,0x00000007fa800000,0x0000000800000000)
  to   space 87552K, 0% used [0x00000007f5280000,0x00000007f5280000,0x00000007fa800000)
 ParOldGen       total 188416K, used 58301K [0x0000000783800000, 0x000000078f000000, 0x00000007d6800000)
  object space 188416K, 30% used [0x0000000783800000,0x00000007870ef768,0x000000078f000000)
 PSPermGen       total 68608K, used 38126K [0x000000077e600000, 0x0000000782900000, 0x0000000783800000)
  object space 68608K, 55% used [0x000000077e600000,0x0000000780b3bb38,0x0000000782900000)
}
Event: 46.126 GC heap before
{Heap before GC invocations=29 (full 6):
 PSYoungGen      total 592384K, used 502272K [0x00000007d6800000, 0x0000000800000000, 0x0000000800000000)
  eden space 502272K, 100% used [0x00000007d6800000,0x00000007f5280000,0x00000007f5280000)
  from space 90112K, 0% used [0x00000007fa800000,0x00000007fa800000,0x0000000800000000)
  to   space 87552K, 0% used [0x00000007f5280000,0x00000007f5280000,0x00000007fa800000)
 ParOldGen       total 188416K, used 58301K [0x0000000783800000, 0x000000078f000000, 0x00000007d6800000)
  object space 188416K, 30% used [0x0000000783800000,0x00000007870ef768,0x000000078f000000)
 PSPermGen       total 68608K, used 38137K [0x000000077e600000, 0x0000000782900000, 0x0000000783800000)
  object space 68608K, 55% used [0x000000077e600000,0x0000000780b3e460,0x0000000782900000)
Event: 46.190 GC heap after
Heap after GC invocations=29 (full 6):
 PSYoungGen      total 589824K, used 87532K [0x00000007d6800000, 0x0000000800000000, 0x0000000800000000)
  eden space 502272K, 0% used [0x00000007d6800000,0x00000007d6800000,0x00000007f5280000)
  from space 87552K, 99% used [0x00000007f5280000,0x00000007fa7fb1a0,0x00000007fa800000)
  to   space 90112K, 0% used [0x00000007fa800000,0x00000007fa800000,0x0000000800000000)
 ParOldGen       total 188416K, used 63287K [0x0000000783800000, 0x000000078f000000, 0x00000007d6800000)
  object space 188416K, 33% used [0x0000000783800000,0x00000007875cdde0,0x000000078f000000)
 PSPermGen       total 68608K, used 38137K [0x000000077e600000, 0x0000000782900000, 0x0000000783800000)
  object space 68608K, 55% used [0x000000077e600000,0x0000000780b3e460,0x0000000782900000)
}
Event: 47.809 GC heap before
{Heap before GC invocations=30 (full 6):
 PSYoungGen      total 589824K, used 589804K [0x00000007d6800000, 0x0000000800000000, 0x0000000800000000)
  eden space 502272K, 100% used [0x00000007d6800000,0x00000007f5280000,0x00000007f5280000)
  from space 87552K, 99% used [0x00000007f5280000,0x00000007fa7fb1a0,0x00000007fa800000)
  to   space 90112K, 0% used [0x00000007fa800000,0x00000007fa800000,0x0000000800000000)
 ParOldGen       total 188416K, used 63287K [0x0000000783800000, 0x000000078f000000, 0x00000007d6800000)
  object space 188416K, 33% used [0x0000000783800000,0x00000007875cdde0,0x000000078f000000)
 PSPermGen       total 68608K, used 38141K [0x000000077e600000, 0x0000000782900000, 0x0000000783800000)
  object space 68608K, 55% used [0x000000077e600000,0x0000000780b3f550,0x0000000782900000)
Event: 47.821 GC heap after
Heap after GC invocations=30 (full 6):
 PSYoungGen      total 566272K, used 13898K [0x00000007d6800000, 0x0000000800000000, 0x0000000800000000)
  eden space 476160K, 0% used [0x00000007d6800000,0x00000007d6800000,0x00000007f3900000)
  from space 90112K, 15% used [0x00000007fa800000,0x00000007fb592828,0x0000000800000000)
  to   space 101888K, 0% used [0x00000007f3900000,0x00000007f3900000,0x00000007f9c80000)
 ParOldGen       total 188416K, used 67122K [0x0000000783800000, 0x000000078f000000, 0x00000007d6800000)
  object space 188416K, 35% used [0x0000000783800000,0x000000078798c890,0x000000078f000000)
 PSPermGen       total 68608K, used 38141K [0x000000077e600000, 0x0000000782900000, 0x0000000783800000)
  object space 68608K, 55% used [0x000000077e600000,0x0000000780b3f550,0x0000000782900000)
}

